07-Apr-2020 11:46:48.406 INFO [main] org.apache.catalina.startup.VersionLoggerListener.log Server version name:   Apache Tomcat/9.0.24
07-Apr-2020 11:46:48.412 INFO [main] org.apache.catalina.startup.VersionLoggerListener.log Server built:          Aug 14 2019 21:16:42 UTC
07-Apr-2020 11:46:48.412 INFO [main] org.apache.catalina.startup.VersionLoggerListener.log Server version number: 9.0.24.0
07-Apr-2020 11:46:48.413 INFO [main] org.apache.catalina.startup.VersionLoggerListener.log OS Name:               Windows 10
07-Apr-2020 11:46:48.413 INFO [main] org.apache.catalina.startup.VersionLoggerListener.log OS Version:            10.0
07-Apr-2020 11:46:48.413 INFO [main] org.apache.catalina.startup.VersionLoggerListener.log Architecture:          amd64
07-Apr-2020 11:46:48.415 INFO [main] org.apache.catalina.startup.VersionLoggerListener.log Java Home:             C:\Program Files\Java\jdk-13.0.2
07-Apr-2020 11:46:48.416 INFO [main] org.apache.catalina.startup.VersionLoggerListener.log JVM Version:           13.0.2+8
07-Apr-2020 11:46:48.416 INFO [main] org.apache.catalina.startup.VersionLoggerListener.log JVM Vendor:            Oracle Corporation
07-Apr-2020 11:46:48.417 INFO [main] org.apache.catalina.startup.VersionLoggerListener.log CATALINA_BASE:         C:\COMP7855Project\tomcat
07-Apr-2020 11:46:48.417 INFO [main] org.apache.catalina.startup.VersionLoggerListener.log CATALINA_HOME:         C:\COMP7855Project\tomcat
07-Apr-2020 11:46:48.444 INFO [main] org.apache.catalina.startup.VersionLoggerListener.log Command line argument: --add-opens=java.base/java.lang=ALL-UNNAMED
07-Apr-2020 11:46:48.444 INFO [main] org.apache.catalina.startup.VersionLoggerListener.log Command line argument: --add-opens=java.base/java.io=ALL-UNNAMED
07-Apr-2020 11:46:48.446 INFO [main] org.apache.catalina.startup.VersionLoggerListener.log Command line argument: --add-opens=java.rmi/sun.rmi.transport=ALL-UNNAMED
07-Apr-2020 11:46:48.446 INFO [main] org.apache.catalina.startup.VersionLoggerListener.log Command line argument: -Djava.util.logging.config.file=C:\COMP7855Project\tomcat\conf\logging.properties
07-Apr-2020 11:46:48.447 INFO [main] org.apache.catalina.startup.VersionLoggerListener.log Command line argument: -Djava.util.logging.manager=org.apache.juli.ClassLoaderLogManager
07-Apr-2020 11:46:48.448 INFO [main] org.apache.catalina.startup.VersionLoggerListener.log Command line argument: -Djdk.tls.ephemeralDHKeySize=2048
07-Apr-2020 11:46:48.448 INFO [main] org.apache.catalina.startup.VersionLoggerListener.log Command line argument: -Djava.protocol.handler.pkgs=org.apache.catalina.webresources
07-Apr-2020 11:46:48.450 INFO [main] org.apache.catalina.startup.VersionLoggerListener.log Command line argument: -Dignore.endorsed.dirs=
07-Apr-2020 11:46:48.451 INFO [main] org.apache.catalina.startup.VersionLoggerListener.log Command line argument: -Dcatalina.base=C:\COMP7855Project\tomcat
07-Apr-2020 11:46:48.452 INFO [main] org.apache.catalina.startup.VersionLoggerListener.log Command line argument: -Dcatalina.home=C:\COMP7855Project\tomcat
07-Apr-2020 11:46:48.452 INFO [main] org.apache.catalina.startup.VersionLoggerListener.log Command line argument: -Djava.io.tmpdir=C:\COMP7855Project\tomcat\temp
07-Apr-2020 11:46:48.458 INFO [main] org.apache.catalina.core.AprLifecycleListener.lifecycleEvent Loaded APR based Apache Tomcat Native library [1.2.23] using APR version [1.7.0].
07-Apr-2020 11:46:48.458 INFO [main] org.apache.catalina.core.AprLifecycleListener.lifecycleEvent APR capabilities: IPv6 [true], sendfile [true], accept filters [false], random [true].
07-Apr-2020 11:46:48.459 INFO [main] org.apache.catalina.core.AprLifecycleListener.lifecycleEvent APR/OpenSSL configuration: useAprConnector [false], useOpenSSL [true]
07-Apr-2020 11:46:48.478 INFO [main] org.apache.catalina.core.AprLifecycleListener.initializeSSL OpenSSL successfully initialized [OpenSSL 1.1.1c  28 May 2019]
07-Apr-2020 11:46:48.943 INFO [main] org.apache.coyote.AbstractProtocol.init Initializing ProtocolHandler ["http-nio-8081"]
07-Apr-2020 11:46:49.728 INFO [main] org.apache.coyote.AbstractProtocol.init Initializing ProtocolHandler ["ajp-nio-8009"]
07-Apr-2020 11:46:49.742 INFO [main] org.apache.catalina.startup.Catalina.load Server initialization in [1,853] milliseconds
07-Apr-2020 11:46:49.844 INFO [main] org.apache.catalina.core.StandardService.startInternal Starting service [Catalina]
07-Apr-2020 11:46:49.845 INFO [main] org.apache.catalina.core.StandardEngine.startInternal Starting Servlet engine: [Apache Tomcat/9.0.24]
07-Apr-2020 11:46:49.861 INFO [main] org.apache.catalina.startup.HostConfig.deployDirectory Deploying web application directory [C:\COMP7855Project\tomcat\webapps\docs]
07-Apr-2020 11:46:50.776 INFO [main] org.apache.jasper.servlet.TldScanner.scanJars At least one JAR was scanned for TLDs yet contained no TLDs. Enable debug logging for this logger for a complete list of JARs that were scanned but no TLDs were found in them. Skipping unneeded JARs during scanning can improve startup time and JSP compilation time.
07-Apr-2020 11:46:51.004 WARNING [main] org.apache.catalina.util.SessionIdGeneratorBase.createSecureRandom Creation of SecureRandom instance for session ID generation using [SHA1PRNG] took [191] milliseconds.
07-Apr-2020 11:46:51.043 INFO [main] org.apache.catalina.startup.HostConfig.deployDirectory Deployment of web application directory [C:\COMP7855Project\tomcat\webapps\docs] has finished in [1,182] ms
07-Apr-2020 11:46:51.044 INFO [main] org.apache.catalina.startup.HostConfig.deployDirectory Deploying web application directory [C:\COMP7855Project\tomcat\webapps\examples]
07-Apr-2020 11:46:53.082 INFO [main] org.apache.jasper.servlet.TldScanner.scanJars At least one JAR was scanned for TLDs yet contained no TLDs. Enable debug logging for this logger for a complete list of JARs that were scanned but no TLDs were found in them. Skipping unneeded JARs during scanning can improve startup time and JSP compilation time.
07-Apr-2020 11:46:53.180 INFO [main] org.apache.catalina.startup.HostConfig.deployDirectory Deployment of web application directory [C:\COMP7855Project\tomcat\webapps\examples] has finished in [2,137] ms
07-Apr-2020 11:46:53.181 INFO [main] org.apache.catalina.startup.HostConfig.deployDirectory Deploying web application directory [C:\COMP7855Project\tomcat\webapps\host-manager]
07-Apr-2020 11:46:53.549 INFO [main] org.apache.jasper.servlet.TldScanner.scanJars At least one JAR was scanned for TLDs yet contained no TLDs. Enable debug logging for this logger for a complete list of JARs that were scanned but no TLDs were found in them. Skipping unneeded JARs during scanning can improve startup time and JSP compilation time.
07-Apr-2020 11:46:53.571 INFO [main] org.apache.catalina.startup.HostConfig.deployDirectory Deployment of web application directory [C:\COMP7855Project\tomcat\webapps\host-manager] has finished in [391] ms
07-Apr-2020 11:46:53.575 INFO [main] org.apache.catalina.startup.HostConfig.deployDirectory Deploying web application directory [C:\COMP7855Project\tomcat\webapps\manager]
07-Apr-2020 11:46:54.001 INFO [main] org.apache.jasper.servlet.TldScanner.scanJars At least one JAR was scanned for TLDs yet contained no TLDs. Enable debug logging for this logger for a complete list of JARs that were scanned but no TLDs were found in them. Skipping unneeded JARs during scanning can improve startup time and JSP compilation time.
07-Apr-2020 11:46:54.007 INFO [main] org.apache.catalina.startup.HostConfig.deployDirectory Deployment of web application directory [C:\COMP7855Project\tomcat\webapps\manager] has finished in [432] ms
07-Apr-2020 11:46:54.010 INFO [main] org.apache.catalina.startup.HostConfig.deployDirectory Deploying web application directory [C:\COMP7855Project\tomcat\webapps\midp]
07-Apr-2020 11:46:55.247 INFO [main] org.apache.jasper.servlet.TldScanner.scanJars At least one JAR was scanned for TLDs yet contained no TLDs. Enable debug logging for this logger for a complete list of JARs that were scanned but no TLDs were found in them. Skipping unneeded JARs during scanning can improve startup time and JSP compilation time.
07-Apr-2020 11:46:55.263 INFO [main] org.apache.catalina.startup.HostConfig.deployDirectory Deployment of web application directory [C:\COMP7855Project\tomcat\webapps\midp] has finished in [1,253] ms
07-Apr-2020 11:46:55.264 INFO [main] org.apache.catalina.startup.HostConfig.deployDirectory Deploying web application directory [C:\COMP7855Project\tomcat\webapps\ROOT]
07-Apr-2020 11:46:55.571 INFO [main] org.apache.jasper.servlet.TldScanner.scanJars At least one JAR was scanned for TLDs yet contained no TLDs. Enable debug logging for this logger for a complete list of JARs that were scanned but no TLDs were found in them. Skipping unneeded JARs during scanning can improve startup time and JSP compilation time.
07-Apr-2020 11:46:55.576 INFO [main] org.apache.catalina.startup.HostConfig.deployDirectory Deployment of web application directory [C:\COMP7855Project\tomcat\webapps\ROOT] has finished in [312] ms
07-Apr-2020 11:46:55.584 INFO [main] org.apache.coyote.AbstractProtocol.start Starting ProtocolHandler ["http-nio-8081"]
07-Apr-2020 11:46:55.615 INFO [main] org.apache.coyote.AbstractProtocol.start Starting ProtocolHandler ["ajp-nio-8009"]
07-Apr-2020 11:46:55.642 INFO [main] org.apache.catalina.startup.Catalina.start Server startup in [5,897] milliseconds
07-Apr-2020 11:51:19.972 INFO [main] org.apache.catalina.core.StandardServer.await A valid shutdown command was received via the shutdown port. Stopping the Server instance.
07-Apr-2020 11:51:19.974 INFO [main] org.apache.coyote.AbstractProtocol.pause Pausing ProtocolHandler ["http-nio-8081"]
07-Apr-2020 11:51:20.161 INFO [main] org.apache.coyote.AbstractProtocol.pause Pausing ProtocolHandler ["ajp-nio-8009"]
07-Apr-2020 11:51:20.333 INFO [main] org.apache.catalina.core.StandardService.stopInternal Stopping service [Catalina]
07-Apr-2020 11:51:20.409 INFO [main] org.apache.coyote.AbstractProtocol.stop Stopping ProtocolHandler ["http-nio-8081"]
07-Apr-2020 11:51:20.417 INFO [main] org.apache.coyote.AbstractProtocol.stop Stopping ProtocolHandler ["ajp-nio-8009"]
07-Apr-2020 11:51:20.421 INFO [main] org.apache.coyote.AbstractProtocol.destroy Destroying ProtocolHandler ["http-nio-8081"]
07-Apr-2020 11:51:20.424 INFO [main] org.apache.coyote.AbstractProtocol.destroy Destroying ProtocolHandler ["ajp-nio-8009"]
07-Apr-2020 11:51:57.120 INFO [main] org.apache.catalina.startup.VersionLoggerListener.log Server version name:   Apache Tomcat/9.0.24
07-Apr-2020 11:51:57.125 INFO [main] org.apache.catalina.startup.VersionLoggerListener.log Server built:          Aug 14 2019 21:16:42 UTC
07-Apr-2020 11:51:57.126 INFO [main] org.apache.catalina.startup.VersionLoggerListener.log Server version number: 9.0.24.0
07-Apr-2020 11:51:57.127 INFO [main] org.apache.catalina.startup.VersionLoggerListener.log OS Name:               Windows 10
07-Apr-2020 11:51:57.127 INFO [main] org.apache.catalina.startup.VersionLoggerListener.log OS Version:            10.0
07-Apr-2020 11:51:57.127 INFO [main] org.apache.catalina.startup.VersionLoggerListener.log Architecture:          amd64
07-Apr-2020 11:51:57.128 INFO [main] org.apache.catalina.startup.VersionLoggerListener.log Java Home:             C:\Program Files\Java\jdk-13.0.2
07-Apr-2020 11:51:57.128 INFO [main] org.apache.catalina.startup.VersionLoggerListener.log JVM Version:           13.0.2+8
07-Apr-2020 11:51:57.129 INFO [main] org.apache.catalina.startup.VersionLoggerListener.log JVM Vendor:            Oracle Corporation
07-Apr-2020 11:51:57.129 INFO [main] org.apache.catalina.startup.VersionLoggerListener.log CATALINA_BASE:         C:\COMP7855Project\tomcat
07-Apr-2020 11:51:57.129 INFO [main] org.apache.catalina.startup.VersionLoggerListener.log CATALINA_HOME:         C:\COMP7855Project\tomcat
07-Apr-2020 11:51:57.146 INFO [main] org.apache.catalina.startup.VersionLoggerListener.log Command line argument: --add-opens=java.base/java.lang=ALL-UNNAMED
07-Apr-2020 11:51:57.146 INFO [main] org.apache.catalina.startup.VersionLoggerListener.log Command line argument: --add-opens=java.base/java.io=ALL-UNNAMED
07-Apr-2020 11:51:57.148 INFO [main] org.apache.catalina.startup.VersionLoggerListener.log Command line argument: --add-opens=java.rmi/sun.rmi.transport=ALL-UNNAMED
07-Apr-2020 11:51:57.148 INFO [main] org.apache.catalina.startup.VersionLoggerListener.log Command line argument: -Djava.util.logging.config.file=C:\COMP7855Project\tomcat\conf\logging.properties
07-Apr-2020 11:51:57.149 INFO [main] org.apache.catalina.startup.VersionLoggerListener.log Command line argument: -Djava.util.logging.manager=org.apache.juli.ClassLoaderLogManager
07-Apr-2020 11:51:57.149 INFO [main] org.apache.catalina.startup.VersionLoggerListener.log Command line argument: -Djdk.tls.ephemeralDHKeySize=2048
07-Apr-2020 11:51:57.150 INFO [main] org.apache.catalina.startup.VersionLoggerListener.log Command line argument: -Djava.protocol.handler.pkgs=org.apache.catalina.webresources
07-Apr-2020 11:51:57.152 INFO [main] org.apache.catalina.startup.VersionLoggerListener.log Command line argument: -Dignore.endorsed.dirs=
07-Apr-2020 11:51:57.152 INFO [main] org.apache.catalina.startup.VersionLoggerListener.log Command line argument: -Dcatalina.base=C:\COMP7855Project\tomcat
07-Apr-2020 11:51:57.153 INFO [main] org.apache.catalina.startup.VersionLoggerListener.log Command line argument: -Dcatalina.home=C:\COMP7855Project\tomcat
07-Apr-2020 11:51:57.154 INFO [main] org.apache.catalina.startup.VersionLoggerListener.log Command line argument: -Djava.io.tmpdir=C:\COMP7855Project\tomcat\temp
07-Apr-2020 11:51:57.154 INFO [main] org.apache.catalina.core.AprLifecycleListener.lifecycleEvent Loaded APR based Apache Tomcat Native library [1.2.23] using APR version [1.7.0].
07-Apr-2020 11:51:57.155 INFO [main] org.apache.catalina.core.AprLifecycleListener.lifecycleEvent APR capabilities: IPv6 [true], sendfile [true], accept filters [false], random [true].
07-Apr-2020 11:51:57.161 INFO [main] org.apache.catalina.core.AprLifecycleListener.lifecycleEvent APR/OpenSSL configuration: useAprConnector [false], useOpenSSL [true]
07-Apr-2020 11:51:57.171 INFO [main] org.apache.catalina.core.AprLifecycleListener.initializeSSL OpenSSL successfully initialized [OpenSSL 1.1.1c  28 May 2019]
07-Apr-2020 11:51:57.605 INFO [main] org.apache.coyote.AbstractProtocol.init Initializing ProtocolHandler ["http-nio-8081"]
07-Apr-2020 11:51:58.043 INFO [main] org.apache.coyote.AbstractProtocol.init Initializing ProtocolHandler ["ajp-nio-8009"]
07-Apr-2020 11:51:58.049 INFO [main] org.apache.catalina.startup.Catalina.load Server initialization in [1,211] milliseconds
07-Apr-2020 11:51:58.110 INFO [main] org.apache.catalina.core.StandardService.startInternal Starting service [Catalina]
07-Apr-2020 11:51:58.112 INFO [main] org.apache.catalina.core.StandardEngine.startInternal Starting Servlet engine: [Apache Tomcat/9.0.24]
07-Apr-2020 11:51:58.129 INFO [main] org.apache.catalina.startup.HostConfig.deployDirectory Deploying web application directory [C:\COMP7855Project\tomcat\webapps\docs]
07-Apr-2020 11:51:59.193 INFO [main] org.apache.jasper.servlet.TldScanner.scanJars At least one JAR was scanned for TLDs yet contained no TLDs. Enable debug logging for this logger for a complete list of JARs that were scanned but no TLDs were found in them. Skipping unneeded JARs during scanning can improve startup time and JSP compilation time.
07-Apr-2020 11:51:59.377 WARNING [main] org.apache.catalina.util.SessionIdGeneratorBase.createSecureRandom Creation of SecureRandom instance for session ID generation using [SHA1PRNG] took [159] milliseconds.
07-Apr-2020 11:51:59.400 INFO [main] org.apache.catalina.startup.HostConfig.deployDirectory Deployment of web application directory [C:\COMP7855Project\tomcat\webapps\docs] has finished in [1,271] ms
07-Apr-2020 11:51:59.401 INFO [main] org.apache.catalina.startup.HostConfig.deployDirectory Deploying web application directory [C:\COMP7855Project\tomcat\webapps\examples]
07-Apr-2020 11:52:00.522 INFO [main] org.apache.jasper.servlet.TldScanner.scanJars At least one JAR was scanned for TLDs yet contained no TLDs. Enable debug logging for this logger for a complete list of JARs that were scanned but no TLDs were found in them. Skipping unneeded JARs during scanning can improve startup time and JSP compilation time.
07-Apr-2020 11:52:00.662 INFO [main] org.apache.catalina.startup.HostConfig.deployDirectory Deployment of web application directory [C:\COMP7855Project\tomcat\webapps\examples] has finished in [1,260] ms
07-Apr-2020 11:52:00.666 INFO [main] org.apache.catalina.startup.HostConfig.deployDirectory Deploying web application directory [C:\COMP7855Project\tomcat\webapps\host-manager]
07-Apr-2020 11:52:01.131 INFO [main] org.apache.jasper.servlet.TldScanner.scanJars At least one JAR was scanned for TLDs yet contained no TLDs. Enable debug logging for this logger for a complete list of JARs that were scanned but no TLDs were found in them. Skipping unneeded JARs during scanning can improve startup time and JSP compilation time.
07-Apr-2020 11:52:01.159 INFO [main] org.apache.catalina.startup.HostConfig.deployDirectory Deployment of web application directory [C:\COMP7855Project\tomcat\webapps\host-manager] has finished in [492] ms
07-Apr-2020 11:52:01.160 INFO [main] org.apache.catalina.startup.HostConfig.deployDirectory Deploying web application directory [C:\COMP7855Project\tomcat\webapps\manager]
07-Apr-2020 11:52:01.541 INFO [main] org.apache.jasper.servlet.TldScanner.scanJars At least one JAR was scanned for TLDs yet contained no TLDs. Enable debug logging for this logger for a complete list of JARs that were scanned but no TLDs were found in them. Skipping unneeded JARs during scanning can improve startup time and JSP compilation time.
07-Apr-2020 11:52:01.550 INFO [main] org.apache.catalina.startup.HostConfig.deployDirectory Deployment of web application directory [C:\COMP7855Project\tomcat\webapps\manager] has finished in [391] ms
07-Apr-2020 11:52:01.552 INFO [main] org.apache.catalina.startup.HostConfig.deployDirectory Deploying web application directory [C:\COMP7855Project\tomcat\webapps\midp]
07-Apr-2020 11:52:02.312 INFO [main] org.apache.jasper.servlet.TldScanner.scanJars At least one JAR was scanned for TLDs yet contained no TLDs. Enable debug logging for this logger for a complete list of JARs that were scanned but no TLDs were found in them. Skipping unneeded JARs during scanning can improve startup time and JSP compilation time.
07-Apr-2020 11:52:02.329 INFO [main] org.apache.catalina.startup.HostConfig.deployDirectory Deployment of web application directory [C:\COMP7855Project\tomcat\webapps\midp] has finished in [778] ms
07-Apr-2020 11:52:02.331 INFO [main] org.apache.catalina.startup.HostConfig.deployDirectory Deploying web application directory [C:\COMP7855Project\tomcat\webapps\ROOT]
07-Apr-2020 11:52:02.657 INFO [main] org.apache.jasper.servlet.TldScanner.scanJars At least one JAR was scanned for TLDs yet contained no TLDs. Enable debug logging for this logger for a complete list of JARs that were scanned but no TLDs were found in them. Skipping unneeded JARs during scanning can improve startup time and JSP compilation time.
07-Apr-2020 11:52:02.668 INFO [main] org.apache.catalina.startup.HostConfig.deployDirectory Deployment of web application directory [C:\COMP7855Project\tomcat\webapps\ROOT] has finished in [336] ms
07-Apr-2020 11:52:02.676 INFO [main] org.apache.coyote.AbstractProtocol.start Starting ProtocolHandler ["http-nio-8081"]
07-Apr-2020 11:52:02.693 INFO [main] org.apache.coyote.AbstractProtocol.start Starting ProtocolHandler ["ajp-nio-8009"]
07-Apr-2020 11:52:02.704 INFO [main] org.apache.catalina.startup.Catalina.start Server startup in [4,653] milliseconds
07-Apr-2020 11:53:51.842 INFO [main] org.apache.catalina.core.StandardServer.await A valid shutdown command was received via the shutdown port. Stopping the Server instance.
07-Apr-2020 11:53:51.844 INFO [main] org.apache.coyote.AbstractProtocol.pause Pausing ProtocolHandler ["http-nio-8081"]
07-Apr-2020 11:53:52.019 INFO [main] org.apache.coyote.AbstractProtocol.pause Pausing ProtocolHandler ["ajp-nio-8009"]
07-Apr-2020 11:53:52.173 INFO [main] org.apache.catalina.core.StandardService.stopInternal Stopping service [Catalina]
07-Apr-2020 11:53:52.214 INFO [main] org.apache.coyote.AbstractProtocol.stop Stopping ProtocolHandler ["http-nio-8081"]
07-Apr-2020 11:53:52.221 INFO [main] org.apache.coyote.AbstractProtocol.stop Stopping ProtocolHandler ["ajp-nio-8009"]
07-Apr-2020 11:53:52.227 INFO [main] org.apache.coyote.AbstractProtocol.destroy Destroying ProtocolHandler ["http-nio-8081"]
07-Apr-2020 11:53:52.229 INFO [main] org.apache.coyote.AbstractProtocol.destroy Destroying ProtocolHandler ["ajp-nio-8009"]
07-Apr-2020 11:54:11.238 INFO [main] org.apache.catalina.startup.VersionLoggerListener.log Server version name:   Apache Tomcat/9.0.24
07-Apr-2020 11:54:11.245 INFO [main] org.apache.catalina.startup.VersionLoggerListener.log Server built:          Aug 14 2019 21:16:42 UTC
07-Apr-2020 11:54:11.246 INFO [main] org.apache.catalina.startup.VersionLoggerListener.log Server version number: 9.0.24.0
07-Apr-2020 11:54:11.246 INFO [main] org.apache.catalina.startup.VersionLoggerListener.log OS Name:               Windows 10
07-Apr-2020 11:54:11.246 INFO [main] org.apache.catalina.startup.VersionLoggerListener.log OS Version:            10.0
07-Apr-2020 11:54:11.247 INFO [main] org.apache.catalina.startup.VersionLoggerListener.log Architecture:          amd64
07-Apr-2020 11:54:11.247 INFO [main] org.apache.catalina.startup.VersionLoggerListener.log Java Home:             C:\Program Files\Java\jdk-13.0.2
07-Apr-2020 11:54:11.248 INFO [main] org.apache.catalina.startup.VersionLoggerListener.log JVM Version:           13.0.2+8
07-Apr-2020 11:54:11.249 INFO [main] org.apache.catalina.startup.VersionLoggerListener.log JVM Vendor:            Oracle Corporation
07-Apr-2020 11:54:11.249 INFO [main] org.apache.catalina.startup.VersionLoggerListener.log CATALINA_BASE:         C:\COMP7855Project\tomcat
07-Apr-2020 11:54:11.250 INFO [main] org.apache.catalina.startup.VersionLoggerListener.log CATALINA_HOME:         C:\COMP7855Project\tomcat
07-Apr-2020 11:54:11.272 INFO [main] org.apache.catalina.startup.VersionLoggerListener.log Command line argument: --add-opens=java.base/java.lang=ALL-UNNAMED
07-Apr-2020 11:54:11.273 INFO [main] org.apache.catalina.startup.VersionLoggerListener.log Command line argument: --add-opens=java.base/java.io=ALL-UNNAMED
07-Apr-2020 11:54:11.274 INFO [main] org.apache.catalina.startup.VersionLoggerListener.log Command line argument: --add-opens=java.rmi/sun.rmi.transport=ALL-UNNAMED
07-Apr-2020 11:54:11.274 INFO [main] org.apache.catalina.startup.VersionLoggerListener.log Command line argument: -Djava.util.logging.config.file=C:\COMP7855Project\tomcat\conf\logging.properties
07-Apr-2020 11:54:11.276 INFO [main] org.apache.catalina.startup.VersionLoggerListener.log Command line argument: -Djava.util.logging.manager=org.apache.juli.ClassLoaderLogManager
07-Apr-2020 11:54:11.278 INFO [main] org.apache.catalina.startup.VersionLoggerListener.log Command line argument: -Djdk.tls.ephemeralDHKeySize=2048
07-Apr-2020 11:54:11.279 INFO [main] org.apache.catalina.startup.VersionLoggerListener.log Command line argument: -Djava.protocol.handler.pkgs=org.apache.catalina.webresources
07-Apr-2020 11:54:11.280 INFO [main] org.apache.catalina.startup.VersionLoggerListener.log Command line argument: -Dignore.endorsed.dirs=
07-Apr-2020 11:54:11.281 INFO [main] org.apache.catalina.startup.VersionLoggerListener.log Command line argument: -Dcatalina.base=C:\COMP7855Project\tomcat
07-Apr-2020 11:54:11.282 INFO [main] org.apache.catalina.startup.VersionLoggerListener.log Command line argument: -Dcatalina.home=C:\COMP7855Project\tomcat
07-Apr-2020 11:54:11.283 INFO [main] org.apache.catalina.startup.VersionLoggerListener.log Command line argument: -Djava.io.tmpdir=C:\COMP7855Project\tomcat\temp
07-Apr-2020 11:54:11.283 INFO [main] org.apache.catalina.core.AprLifecycleListener.lifecycleEvent Loaded APR based Apache Tomcat Native library [1.2.23] using APR version [1.7.0].
07-Apr-2020 11:54:11.289 INFO [main] org.apache.catalina.core.AprLifecycleListener.lifecycleEvent APR capabilities: IPv6 [true], sendfile [true], accept filters [false], random [true].
07-Apr-2020 11:54:11.289 INFO [main] org.apache.catalina.core.AprLifecycleListener.lifecycleEvent APR/OpenSSL configuration: useAprConnector [false], useOpenSSL [true]
07-Apr-2020 11:54:11.302 INFO [main] org.apache.catalina.core.AprLifecycleListener.initializeSSL OpenSSL successfully initialized [OpenSSL 1.1.1c  28 May 2019]
07-Apr-2020 11:54:11.747 INFO [main] org.apache.coyote.AbstractProtocol.init Initializing ProtocolHandler ["http-nio-8081"]
07-Apr-2020 11:54:12.250 INFO [main] org.apache.coyote.AbstractProtocol.init Initializing ProtocolHandler ["ajp-nio-8009"]
07-Apr-2020 11:54:12.255 INFO [main] org.apache.catalina.startup.Catalina.load Server initialization in [1,298] milliseconds
07-Apr-2020 11:54:12.334 INFO [main] org.apache.catalina.core.StandardService.startInternal Starting service [Catalina]
07-Apr-2020 11:54:12.336 INFO [main] org.apache.catalina.core.StandardEngine.startInternal Starting Servlet engine: [Apache Tomcat/9.0.24]
07-Apr-2020 11:54:12.350 INFO [main] org.apache.catalina.startup.HostConfig.deployDirectory Deploying web application directory [C:\COMP7855Project\tomcat\webapps\docs]
07-Apr-2020 11:54:13.533 INFO [main] org.apache.jasper.servlet.TldScanner.scanJars At least one JAR was scanned for TLDs yet contained no TLDs. Enable debug logging for this logger for a complete list of JARs that were scanned but no TLDs were found in them. Skipping unneeded JARs during scanning can improve startup time and JSP compilation time.
07-Apr-2020 11:54:13.783 WARNING [main] org.apache.catalina.util.SessionIdGeneratorBase.createSecureRandom Creation of SecureRandom instance for session ID generation using [SHA1PRNG] took [197] milliseconds.
07-Apr-2020 11:54:13.808 INFO [main] org.apache.catalina.startup.HostConfig.deployDirectory Deployment of web application directory [C:\COMP7855Project\tomcat\webapps\docs] has finished in [1,457] ms
07-Apr-2020 11:54:13.808 INFO [main] org.apache.catalina.startup.HostConfig.deployDirectory Deploying web application directory [C:\COMP7855Project\tomcat\webapps\examples]
07-Apr-2020 11:54:14.602 INFO [main] org.apache.jasper.servlet.TldScanner.scanJars At least one JAR was scanned for TLDs yet contained no TLDs. Enable debug logging for this logger for a complete list of JARs that were scanned but no TLDs were found in them. Skipping unneeded JARs during scanning can improve startup time and JSP compilation time.
07-Apr-2020 11:54:14.718 INFO [main] org.apache.catalina.startup.HostConfig.deployDirectory Deployment of web application directory [C:\COMP7855Project\tomcat\webapps\examples] has finished in [910] ms
07-Apr-2020 11:54:14.719 INFO [main] org.apache.catalina.startup.HostConfig.deployDirectory Deploying web application directory [C:\COMP7855Project\tomcat\webapps\host-manager]
07-Apr-2020 11:54:15.072 INFO [main] org.apache.jasper.servlet.TldScanner.scanJars At least one JAR was scanned for TLDs yet contained no TLDs. Enable debug logging for this logger for a complete list of JARs that were scanned but no TLDs were found in them. Skipping unneeded JARs during scanning can improve startup time and JSP compilation time.
07-Apr-2020 11:54:15.087 INFO [main] org.apache.catalina.startup.HostConfig.deployDirectory Deployment of web application directory [C:\COMP7855Project\tomcat\webapps\host-manager] has finished in [368] ms
07-Apr-2020 11:54:15.088 INFO [main] org.apache.catalina.startup.HostConfig.deployDirectory Deploying web application directory [C:\COMP7855Project\tomcat\webapps\manager]
07-Apr-2020 11:54:15.740 INFO [main] org.apache.jasper.servlet.TldScanner.scanJars At least one JAR was scanned for TLDs yet contained no TLDs. Enable debug logging for this logger for a complete list of JARs that were scanned but no TLDs were found in them. Skipping unneeded JARs during scanning can improve startup time and JSP compilation time.
07-Apr-2020 11:54:15.753 INFO [main] org.apache.catalina.startup.HostConfig.deployDirectory Deployment of web application directory [C:\COMP7855Project\tomcat\webapps\manager] has finished in [665] ms
07-Apr-2020 11:54:15.754 INFO [main] org.apache.catalina.startup.HostConfig.deployDirectory Deploying web application directory [C:\COMP7855Project\tomcat\webapps\midp]
07-Apr-2020 11:54:16.692 INFO [main] org.apache.jasper.servlet.TldScanner.scanJars At least one JAR was scanned for TLDs yet contained no TLDs. Enable debug logging for this logger for a complete list of JARs that were scanned but no TLDs were found in them. Skipping unneeded JARs during scanning can improve startup time and JSP compilation time.
07-Apr-2020 11:54:16.719 INFO [main] org.apache.catalina.startup.HostConfig.deployDirectory Deployment of web application directory [C:\COMP7855Project\tomcat\webapps\midp] has finished in [965] ms
07-Apr-2020 11:54:16.723 INFO [main] org.apache.catalina.startup.HostConfig.deployDirectory Deploying web application directory [C:\COMP7855Project\tomcat\webapps\ROOT]
07-Apr-2020 11:54:17.119 INFO [main] org.apache.jasper.servlet.TldScanner.scanJars At least one JAR was scanned for TLDs yet contained no TLDs. Enable debug logging for this logger for a complete list of JARs that were scanned but no TLDs were found in them. Skipping unneeded JARs during scanning can improve startup time and JSP compilation time.
07-Apr-2020 11:54:17.134 INFO [main] org.apache.catalina.startup.HostConfig.deployDirectory Deployment of web application directory [C:\COMP7855Project\tomcat\webapps\ROOT] has finished in [411] ms
07-Apr-2020 11:54:17.142 INFO [main] org.apache.coyote.AbstractProtocol.start Starting ProtocolHandler ["http-nio-8081"]
07-Apr-2020 11:54:17.164 INFO [main] org.apache.coyote.AbstractProtocol.start Starting ProtocolHandler ["ajp-nio-8009"]
07-Apr-2020 11:54:17.173 INFO [main] org.apache.catalina.startup.Catalina.start Server startup in [4,916] milliseconds
07-Apr-2020 13:02:19.797 INFO [main] org.apache.catalina.core.StandardServer.await A valid shutdown command was received via the shutdown port. Stopping the Server instance.
07-Apr-2020 13:02:19.803 INFO [main] org.apache.coyote.AbstractProtocol.pause Pausing ProtocolHandler ["http-nio-8081"]
07-Apr-2020 13:02:20.027 INFO [main] org.apache.coyote.AbstractProtocol.pause Pausing ProtocolHandler ["ajp-nio-8009"]
07-Apr-2020 13:02:20.234 INFO [main] org.apache.catalina.core.StandardService.stopInternal Stopping service [Catalina]
07-Apr-2020 13:02:20.322 INFO [main] org.apache.coyote.AbstractProtocol.stop Stopping ProtocolHandler ["http-nio-8081"]
07-Apr-2020 13:02:20.326 INFO [main] org.apache.coyote.AbstractProtocol.stop Stopping ProtocolHandler ["ajp-nio-8009"]
07-Apr-2020 13:02:20.330 INFO [main] org.apache.coyote.AbstractProtocol.destroy Destroying ProtocolHandler ["http-nio-8081"]
07-Apr-2020 13:02:20.331 INFO [main] org.apache.coyote.AbstractProtocol.destroy Destroying ProtocolHandler ["ajp-nio-8009"]
