06-Apr-2020 13:16:52.537 INFO [main] org.apache.catalina.core.ApplicationContext.log ContextListener: contextInitialized()
06-Apr-2020 13:16:52.537 INFO [main] org.apache.catalina.core.ApplicationContext.log SessionListener: contextInitialized()
06-Apr-2020 13:16:52.537 INFO [main] org.apache.catalina.core.ApplicationContext.log ContextListener: attributeAdded('StockTicker', 'async.Stockticker@4c777e7b')
06-Apr-2020 13:20:38.440 INFO [main] org.apache.catalina.core.ApplicationContext.log SessionListener: contextDestroyed()
06-Apr-2020 13:20:38.440 INFO [main] org.apache.catalina.core.ApplicationContext.log ContextListener: contextDestroyed()
06-Apr-2020 13:21:01.193 INFO [main] org.apache.catalina.core.ApplicationContext.log ContextListener: contextInitialized()
06-Apr-2020 13:21:01.193 INFO [main] org.apache.catalina.core.ApplicationContext.log SessionListener: contextInitialized()
06-Apr-2020 13:21:01.197 INFO [main] org.apache.catalina.core.ApplicationContext.log ContextListener: attributeAdded('StockTicker', 'async.Stockticker@5f038248')
06-Apr-2020 13:22:06.385 INFO [main] org.apache.catalina.core.ApplicationContext.log SessionListener: contextDestroyed()
06-Apr-2020 13:22:06.385 INFO [main] org.apache.catalina.core.ApplicationContext.log ContextListener: contextDestroyed()
06-Apr-2020 13:22:33.628 INFO [main] org.apache.catalina.core.ApplicationContext.log ContextListener: contextInitialized()
06-Apr-2020 13:22:33.628 INFO [main] org.apache.catalina.core.ApplicationContext.log SessionListener: contextInitialized()
06-Apr-2020 13:22:33.632 INFO [main] org.apache.catalina.core.ApplicationContext.log ContextListener: attributeAdded('StockTicker', 'async.Stockticker@1ba359bd')
06-Apr-2020 13:24:40.945 INFO [main] org.apache.catalina.core.ApplicationContext.log SessionListener: contextDestroyed()
06-Apr-2020 13:24:40.945 INFO [main] org.apache.catalina.core.ApplicationContext.log ContextListener: contextDestroyed()
06-Apr-2020 13:25:04.980 INFO [main] org.apache.catalina.core.ApplicationContext.log ContextListener: contextInitialized()
06-Apr-2020 13:25:04.996 INFO [main] org.apache.catalina.core.ApplicationContext.log SessionListener: contextInitialized()
06-Apr-2020 13:25:04.996 INFO [main] org.apache.catalina.core.ApplicationContext.log ContextListener: attributeAdded('StockTicker', 'async.Stockticker@20cece0b')
06-Apr-2020 13:26:07.133 INFO [main] org.apache.catalina.core.ApplicationContext.log SessionListener: contextDestroyed()
06-Apr-2020 13:26:07.133 INFO [main] org.apache.catalina.core.ApplicationContext.log ContextListener: contextDestroyed()
06-Apr-2020 13:34:37.280 INFO [main] org.apache.catalina.core.ApplicationContext.log ContextListener: contextInitialized()
06-Apr-2020 13:34:37.280 INFO [main] org.apache.catalina.core.ApplicationContext.log SessionListener: contextInitialized()
06-Apr-2020 13:34:37.283 INFO [main] org.apache.catalina.core.ApplicationContext.log ContextListener: attributeAdded('StockTicker', 'async.Stockticker@1ba359bd')
06-Apr-2020 13:44:58.939 INFO [main] org.apache.catalina.core.ApplicationContext.log SessionListener: contextDestroyed()
06-Apr-2020 13:44:58.939 INFO [main] org.apache.catalina.core.ApplicationContext.log ContextListener: contextDestroyed()
06-Apr-2020 13:45:20.508 INFO [main] org.apache.catalina.core.ApplicationContext.log ContextListener: contextInitialized()
06-Apr-2020 13:45:20.508 INFO [main] org.apache.catalina.core.ApplicationContext.log SessionListener: contextInitialized()
06-Apr-2020 13:45:20.508 INFO [main] org.apache.catalina.core.ApplicationContext.log ContextListener: attributeAdded('StockTicker', 'async.Stockticker@1ba359bd')
06-Apr-2020 14:07:51.155 INFO [main] org.apache.catalina.core.ApplicationContext.log SessionListener: contextDestroyed()
06-Apr-2020 14:07:51.155 INFO [main] org.apache.catalina.core.ApplicationContext.log ContextListener: contextDestroyed()
06-Apr-2020 14:09:00.744 INFO [main] org.apache.catalina.core.ApplicationContext.log ContextListener: contextInitialized()
06-Apr-2020 14:09:00.744 INFO [main] org.apache.catalina.core.ApplicationContext.log SessionListener: contextInitialized()
06-Apr-2020 14:09:00.744 INFO [main] org.apache.catalina.core.ApplicationContext.log ContextListener: attributeAdded('StockTicker', 'async.Stockticker@1ba359bd')
06-Apr-2020 14:14:25.288 INFO [main] org.apache.catalina.core.ApplicationContext.log SessionListener: contextDestroyed()
06-Apr-2020 14:14:25.288 INFO [main] org.apache.catalina.core.ApplicationContext.log ContextListener: contextDestroyed()
06-Apr-2020 14:14:41.067 INFO [main] org.apache.catalina.core.ApplicationContext.log ContextListener: contextInitialized()
06-Apr-2020 14:14:41.067 INFO [main] org.apache.catalina.core.ApplicationContext.log SessionListener: contextInitialized()
06-Apr-2020 14:14:41.071 INFO [main] org.apache.catalina.core.ApplicationContext.log ContextListener: attributeAdded('StockTicker', 'async.Stockticker@2436ea2f')
06-Apr-2020 14:17:02.749 INFO [main] org.apache.catalina.core.ApplicationContext.log SessionListener: contextDestroyed()
06-Apr-2020 14:17:02.749 INFO [main] org.apache.catalina.core.ApplicationContext.log ContextListener: contextDestroyed()
06-Apr-2020 14:17:22.958 INFO [main] org.apache.catalina.core.ApplicationContext.log ContextListener: contextInitialized()
06-Apr-2020 14:17:22.958 INFO [main] org.apache.catalina.core.ApplicationContext.log SessionListener: contextInitialized()
06-Apr-2020 14:17:22.962 INFO [main] org.apache.catalina.core.ApplicationContext.log ContextListener: attributeAdded('StockTicker', 'async.Stockticker@4c777e7b')
06-Apr-2020 14:21:01.247 INFO [main] org.apache.catalina.core.ApplicationContext.log SessionListener: contextDestroyed()
06-Apr-2020 14:21:01.247 INFO [main] org.apache.catalina.core.ApplicationContext.log ContextListener: contextDestroyed()
06-Apr-2020 14:21:21.989 INFO [main] org.apache.catalina.core.ApplicationContext.log ContextListener: contextInitialized()
06-Apr-2020 14:21:21.989 INFO [main] org.apache.catalina.core.ApplicationContext.log SessionListener: contextInitialized()
06-Apr-2020 14:21:21.993 INFO [main] org.apache.catalina.core.ApplicationContext.log ContextListener: attributeAdded('StockTicker', 'async.Stockticker@1ba359bd')
06-Apr-2020 14:25:36.119 INFO [main] org.apache.catalina.core.ApplicationContext.log SessionListener: contextDestroyed()
06-Apr-2020 14:25:36.119 INFO [main] org.apache.catalina.core.ApplicationContext.log ContextListener: contextDestroyed()
06-Apr-2020 14:27:13.741 INFO [main] org.apache.catalina.core.ApplicationContext.log ContextListener: contextInitialized()
06-Apr-2020 14:27:13.741 INFO [main] org.apache.catalina.core.ApplicationContext.log SessionListener: contextInitialized()
06-Apr-2020 14:27:13.745 INFO [main] org.apache.catalina.core.ApplicationContext.log ContextListener: attributeAdded('StockTicker', 'async.Stockticker@4110765e')
06-Apr-2020 14:27:32.773 INFO [main] org.apache.catalina.core.ApplicationContext.log SessionListener: contextDestroyed()
06-Apr-2020 14:27:32.773 INFO [main] org.apache.catalina.core.ApplicationContext.log ContextListener: contextDestroyed()
06-Apr-2020 14:27:38.045 INFO [main] org.apache.catalina.core.ApplicationContext.log ContextListener: contextInitialized()
06-Apr-2020 14:27:38.049 INFO [main] org.apache.catalina.core.ApplicationContext.log SessionListener: contextInitialized()
06-Apr-2020 14:27:38.049 INFO [main] org.apache.catalina.core.ApplicationContext.log ContextListener: attributeAdded('StockTicker', 'async.Stockticker@62e93c3a')
06-Apr-2020 14:32:30.649 INFO [main] org.apache.catalina.core.ApplicationContext.log SessionListener: contextDestroyed()
06-Apr-2020 14:32:30.649 INFO [main] org.apache.catalina.core.ApplicationContext.log ContextListener: contextDestroyed()
06-Apr-2020 14:32:57.320 INFO [main] org.apache.catalina.core.ApplicationContext.log ContextListener: contextInitialized()
06-Apr-2020 14:32:57.320 INFO [main] org.apache.catalina.core.ApplicationContext.log SessionListener: contextInitialized()
06-Apr-2020 14:32:57.324 INFO [main] org.apache.catalina.core.ApplicationContext.log ContextListener: attributeAdded('StockTicker', 'async.Stockticker@20cece0b')
06-Apr-2020 14:35:33.157 INFO [main] org.apache.catalina.core.ApplicationContext.log SessionListener: contextDestroyed()
06-Apr-2020 14:35:33.157 INFO [main] org.apache.catalina.core.ApplicationContext.log ContextListener: contextDestroyed()
06-Apr-2020 14:35:49.667 INFO [main] org.apache.catalina.core.ApplicationContext.log ContextListener: contextInitialized()
06-Apr-2020 14:35:49.667 INFO [main] org.apache.catalina.core.ApplicationContext.log SessionListener: contextInitialized()
06-Apr-2020 14:35:49.671 INFO [main] org.apache.catalina.core.ApplicationContext.log ContextListener: attributeAdded('StockTicker', 'async.Stockticker@5f038248')
06-Apr-2020 14:36:23.387 INFO [main] org.apache.catalina.core.ApplicationContext.log SessionListener: contextDestroyed()
06-Apr-2020 14:36:23.387 INFO [main] org.apache.catalina.core.ApplicationContext.log ContextListener: contextDestroyed()
