25-Feb-2020 13:58:20.977 INFO [main] org.apache.catalina.core.ApplicationContext.log ContextListener: contextInitialized()
25-Feb-2020 13:58:20.979 INFO [main] org.apache.catalina.core.ApplicationContext.log SessionListener: contextInitialized()
25-Feb-2020 13:58:20.984 INFO [main] org.apache.catalina.core.ApplicationContext.log ContextListener: attributeAdded('StockTicker', 'async.Stockticker@62ea3440')
25-Feb-2020 14:24:53.163 INFO [main] org.apache.catalina.core.ApplicationContext.log ContextListener: contextInitialized()
25-Feb-2020 14:24:53.164 INFO [main] org.apache.catalina.core.ApplicationContext.log SessionListener: contextInitialized()
25-Feb-2020 14:24:53.167 INFO [main] org.apache.catalina.core.ApplicationContext.log ContextListener: attributeAdded('StockTicker', 'async.Stockticker@1c7fd41f')
25-Feb-2020 14:24:53.697 INFO [main] org.apache.catalina.core.ApplicationContext.log SessionListener: contextDestroyed()
25-Feb-2020 14:24:53.697 INFO [main] org.apache.catalina.core.ApplicationContext.log ContextListener: contextDestroyed()
25-Feb-2020 14:32:23.263 INFO [main] org.apache.catalina.core.ApplicationContext.log ContextListener: contextInitialized()
25-Feb-2020 14:32:23.263 INFO [main] org.apache.catalina.core.ApplicationContext.log SessionListener: contextInitialized()
25-Feb-2020 14:32:23.267 INFO [main] org.apache.catalina.core.ApplicationContext.log ContextListener: attributeAdded('StockTicker', 'async.Stockticker@60dce7ea')
25-Feb-2020 14:32:23.590 INFO [main] org.apache.catalina.core.ApplicationContext.log SessionListener: contextDestroyed()
25-Feb-2020 14:32:23.590 INFO [main] org.apache.catalina.core.ApplicationContext.log ContextListener: contextDestroyed()
25-Feb-2020 14:38:01.408 INFO [main] org.apache.catalina.core.ApplicationContext.log ContextListener: contextInitialized()
25-Feb-2020 14:38:01.409 INFO [main] org.apache.catalina.core.ApplicationContext.log SessionListener: contextInitialized()
25-Feb-2020 14:38:01.414 INFO [main] org.apache.catalina.core.ApplicationContext.log ContextListener: attributeAdded('StockTicker', 'async.Stockticker@1c7fd41f')
25-Feb-2020 14:38:02.277 INFO [main] org.apache.catalina.core.ApplicationContext.log SessionListener: contextDestroyed()
25-Feb-2020 14:38:02.277 INFO [main] org.apache.catalina.core.ApplicationContext.log ContextListener: contextDestroyed()
25-Feb-2020 14:39:39.749 INFO [main] org.apache.catalina.core.ApplicationContext.log ContextListener: contextInitialized()
25-Feb-2020 14:39:39.749 INFO [main] org.apache.catalina.core.ApplicationContext.log SessionListener: contextInitialized()
25-Feb-2020 14:39:39.753 INFO [main] org.apache.catalina.core.ApplicationContext.log ContextListener: attributeAdded('StockTicker', 'async.Stockticker@5974109')
25-Feb-2020 14:39:40.082 INFO [main] org.apache.catalina.core.ApplicationContext.log SessionListener: contextDestroyed()
25-Feb-2020 14:39:40.082 INFO [main] org.apache.catalina.core.ApplicationContext.log ContextListener: contextDestroyed()
25-Feb-2020 14:47:14.129 INFO [main] org.apache.catalina.core.ApplicationContext.log ContextListener: contextInitialized()
25-Feb-2020 14:47:14.129 INFO [main] org.apache.catalina.core.ApplicationContext.log SessionListener: contextInitialized()
25-Feb-2020 14:47:14.132 INFO [main] org.apache.catalina.core.ApplicationContext.log ContextListener: attributeAdded('StockTicker', 'async.Stockticker@662f5666')
25-Feb-2020 14:47:14.453 INFO [main] org.apache.catalina.core.ApplicationContext.log SessionListener: contextDestroyed()
25-Feb-2020 14:47:14.453 INFO [main] org.apache.catalina.core.ApplicationContext.log ContextListener: contextDestroyed()
25-Feb-2020 15:04:00.185 INFO [main] org.apache.catalina.core.ApplicationContext.log ContextListener: contextInitialized()
25-Feb-2020 15:04:00.186 INFO [main] org.apache.catalina.core.ApplicationContext.log SessionListener: contextInitialized()
25-Feb-2020 15:04:00.189 INFO [main] org.apache.catalina.core.ApplicationContext.log ContextListener: attributeAdded('StockTicker', 'async.Stockticker@fd8294b')
25-Feb-2020 15:04:00.494 INFO [main] org.apache.catalina.core.ApplicationContext.log SessionListener: contextDestroyed()
25-Feb-2020 15:04:00.494 INFO [main] org.apache.catalina.core.ApplicationContext.log ContextListener: contextDestroyed()
25-Feb-2020 15:04:51.235 INFO [main] org.apache.catalina.core.ApplicationContext.log ContextListener: contextInitialized()
25-Feb-2020 15:04:51.235 INFO [main] org.apache.catalina.core.ApplicationContext.log SessionListener: contextInitialized()
25-Feb-2020 15:04:51.238 INFO [main] org.apache.catalina.core.ApplicationContext.log ContextListener: attributeAdded('StockTicker', 'async.Stockticker@79da1ec0')
25-Feb-2020 16:49:48.001 INFO [main] org.apache.catalina.core.ApplicationContext.log SessionListener: contextDestroyed()
25-Feb-2020 16:49:48.001 INFO [main] org.apache.catalina.core.ApplicationContext.log ContextListener: contextDestroyed()
25-Feb-2020 16:50:14.346 INFO [main] org.apache.catalina.core.ApplicationContext.log ContextListener: contextInitialized()
25-Feb-2020 16:50:14.346 INFO [main] org.apache.catalina.core.ApplicationContext.log SessionListener: contextInitialized()
25-Feb-2020 16:50:14.350 INFO [main] org.apache.catalina.core.ApplicationContext.log ContextListener: attributeAdded('StockTicker', 'async.Stockticker@62ea3440')
25-Feb-2020 17:00:51.263 INFO [main] org.apache.catalina.core.ApplicationContext.log SessionListener: contextDestroyed()
25-Feb-2020 17:00:51.263 INFO [main] org.apache.catalina.core.ApplicationContext.log ContextListener: contextDestroyed()
25-Feb-2020 17:00:59.974 INFO [main] org.apache.catalina.core.ApplicationContext.log ContextListener: contextInitialized()
25-Feb-2020 17:00:59.974 INFO [main] org.apache.catalina.core.ApplicationContext.log SessionListener: contextInitialized()
25-Feb-2020 17:00:59.977 INFO [main] org.apache.catalina.core.ApplicationContext.log ContextListener: attributeAdded('StockTicker', 'async.Stockticker@435871cb')
25-Feb-2020 17:03:50.595 INFO [main] org.apache.catalina.core.ApplicationContext.log SessionListener: contextDestroyed()
25-Feb-2020 17:03:50.595 INFO [main] org.apache.catalina.core.ApplicationContext.log ContextListener: contextDestroyed()
25-Feb-2020 17:04:15.556 INFO [main] org.apache.catalina.core.ApplicationContext.log ContextListener: contextInitialized()
25-Feb-2020 17:04:15.557 INFO [main] org.apache.catalina.core.ApplicationContext.log SessionListener: contextInitialized()
25-Feb-2020 17:04:15.560 INFO [main] org.apache.catalina.core.ApplicationContext.log ContextListener: attributeAdded('StockTicker', 'async.Stockticker@66ce957f')
25-Feb-2020 17:05:11.444 INFO [main] org.apache.catalina.core.ApplicationContext.log SessionListener: contextDestroyed()
25-Feb-2020 17:05:11.444 INFO [main] org.apache.catalina.core.ApplicationContext.log ContextListener: contextDestroyed()
25-Feb-2020 17:05:16.409 INFO [main] org.apache.catalina.core.ApplicationContext.log ContextListener: contextInitialized()
25-Feb-2020 17:05:16.412 INFO [main] org.apache.catalina.core.ApplicationContext.log SessionListener: contextInitialized()
25-Feb-2020 17:05:16.438 INFO [main] org.apache.catalina.core.ApplicationContext.log ContextListener: attributeAdded('StockTicker', 'async.Stockticker@435871cb')
25-Feb-2020 17:08:18.324 INFO [main] org.apache.catalina.core.ApplicationContext.log SessionListener: contextDestroyed()
25-Feb-2020 17:08:18.324 INFO [main] org.apache.catalina.core.ApplicationContext.log ContextListener: contextDestroyed()
25-Feb-2020 17:08:23.176 INFO [main] org.apache.catalina.core.ApplicationContext.log ContextListener: contextInitialized()
25-Feb-2020 17:08:23.177 INFO [main] org.apache.catalina.core.ApplicationContext.log SessionListener: contextInitialized()
25-Feb-2020 17:08:23.181 INFO [main] org.apache.catalina.core.ApplicationContext.log ContextListener: attributeAdded('StockTicker', 'async.Stockticker@4bef0fe3')
